<?xml version="1.0" encoding="UTF-8"?>
<!-- Generated by org.testng.reporters.JUnitReportReporter -->
<testsuite hostname="LAPTOP-P2QE43U4" failures="0" tests="1" name="presentation.Example1" time="0.093" errors="0" timestamp="2024-12-05T18:06:56 CST" skipped="0">
  <testcase classname="presentation.Example1" name="check_if_shortlisted" time="0.093"/>
</testsuite> <!-- presentation.Example1 -->
