<?xml version="1.0" encoding="UTF-8"?>
<!-- Generated by org.testng.reporters.JUnitReportReporter -->
<testsuite hostname="LAPTOP-P2QE43U4" failures="0" tests="3" name="presentation.Example2" time="0.063" errors="0" timestamp="2024-12-05T18:10:11 CST" skipped="0">
  <testcase classname="presentation.Example2" name="check_if_shortlisted" time="0.007"/>
  <testcase classname="presentation.Example2" name="check_if_shortlisted" time="0.051"/>
  <testcase classname="presentation.Example2" name="check_if_shortlisted" time="0.005"/>
</testsuite> <!-- presentation.Example2 -->
